<?xml version="1.0" encoding="UTF-8"?>
<!-- Generated by org.testng.reporters.JUnitReportReporter -->
<testsuite hostname="LAPTOP-B596P93M" failures="0" tests="3" name="ProfileTest" time="4.314" errors="0" timestamp="25 Feb 2022 11:41:56 GMT">
  <testcase classname="ProfileTest" name="deleteTest" time="2.476"/>
  <testcase classname="ProfileTest" name="updateTest" time="1.035"/>
  <testcase classname="ProfileTest" name="retrieveTest" time="0.803"/>
</testsuite> <!-- ProfileTest -->
