<?xml version="1.0" encoding="UTF-8"?>
<!-- Generated by org.testng.reporters.JUnitReportReporter -->
<testsuite hostname="LAPTOP-B596P93M" failures="0" tests="3" name="ProfileTest" time="3.336" errors="0" timestamp="25 Feb 2022 09:14:27 GMT">
  <testcase classname="ProfileTest" name="deleteTest" time="1.420"/>
  <testcase classname="ProfileTest" name="updateTest" time="1.117"/>
  <testcase classname="ProfileTest" name="retrieveTest" time="0.799"/>
</testsuite> <!-- ProfileTest -->
