<?xml version="1.0" encoding="UTF-8"?>
<!-- Generated by org.testng.reporters.JUnitReportReporter -->
<testsuite hostname="LAPTOP-B596P93M" failures="0" tests="3" name="ProfileTest" time="5.277" errors="0" timestamp="26 Feb 2022 10:29:18 GMT">
  <testcase classname="ProfileTest" name="retrieveTest" time="1.101"/>
  <testcase classname="ProfileTest" name="deleteTest" time="2.774"/>
  <testcase classname="ProfileTest" name="updateTest" time="1.402"/>
</testsuite> <!-- ProfileTest -->
