<?xml version="1.0" encoding="UTF-8"?>
<!-- Generated by org.testng.reporters.JUnitReportReporter -->
<testsuite hostname="LAPTOP-B596P93M" failures="0" tests="3" name="ProfileTest" time="2.720" errors="0" timestamp="25 Feb 2022 12:18:34 GMT">
  <testcase classname="ProfileTest" name="deleteTest" time="0.826"/>
  <testcase classname="ProfileTest" name="updateTest" time="1.120"/>
  <testcase classname="ProfileTest" name="retrieveTest" time="0.774"/>
</testsuite> <!-- ProfileTest -->
